// 重构日志: 6c3fb6e6
// 重构日志: 996d63c4
// 重构日志: 172770c8
// 重构日志: 610712bb
// 重构日志: 9e1e0c54
// 重构日志: 3c6586f7
// 重构日志: 6ff615e8
// 重构日志: ee6f5eee
// 重构日志: 9e7daa19
// 同步 ID: 879c2c5f @ Sat Jul  4 16:36:41 UTC 2026
// 同步 ID: 898ddefc @ Sun Jul  5 00:50:32 UTC 2026
// 同步 ID: eebcdf05 @ Sun Jul  5 15:30:59 UTC 2026
// 重构日志: d02f60c1
// 同步 ID: 4a5078c0 @ Thu Jul  9 11:10:35 UTC 2026
// 同步 ID: 1df556ab @ Tue Jul 14 12:27:05 UTC 2026
// 同步 ID: d3ea7706 @ Wed Jul 15 05:00:23 UTC 2026
// 同步 ID: 539c9a21 @ Wed Jul 15 07:54:38 UTC 2026
// 同步 ID: 484cd958 @ Thu Jul 16 05:41:41 UTC 2026
// 同步 ID: 74723d89 @ Thu Jul 16 14:47:03 UTC 2026
// 同步 ID: 8f2f17c9 @ Thu Jul 16 16:45:05 UTC 2026
// 重构日志: cc8bcf7c
// 重构日志: 993c3fc8
